Arguments: 
  /Users/neil/.nvm/versions/node/v16.6.1/bin/node /Users/neil/.nvm/versions/node/v16.6.1/bin/yarn init

PATH: 
  /Users/neil/.nvm/versions/node/v16.6.1/bin:/usr/local/opt/mysql@5.7/bin:/usr/local/Cellar/mysql@5.7/5.7.32/bin:/usr/local/Cellar/mysql@5.7/5.7.32/bin:/usr/local/opt/mysql@5.7/bin:/usr/local/sbin:/usr/local/bin:/usr/local/opt/mysql@5.7/bin:/usr/local/Cellar/mysql@5.7/5.7.32/bin:/usr/local/Cellar/mysql@5.7/5.7.32/bin:/usr/local/opt/mysql@5.7/bin:/usr/local/sbin:/usr/local/bin:/Library/Frameworks/Python.framework/Versions/2.7/bin:/Library/Frameworks/Python.framework/Versions/3.9/bin:/Library/Frameworks/Python.framework/Versions/3.7/bin:/usr/local/bin:/usr/bin:/bin:/usr/sbin:/sbin:/Applications/VMware Fusion.app/Contents/Public:/Library/Apple/usr/bin:/usr/local/opt/mysql@5.7/bin:/usr/local/Cellar/mysql@5.7/5.7.32/bin:/usr/local/sbin:/Library/Frameworks/Python.framework/Versions/2.7/bin:/Library/Frameworks/Python.framework/Versions/3.9/bin:/Library/Frameworks/Python.framework/Versions/3.7/bin:/Users/neil/.local/bin:/Users/neil/Library/Android/sdk/tools:/Users/neil/Library/Android/sdk/platform-tools:/Library/Java/JavaVirtualMachines/jdk1.8.0_211.jdk/Contents/Home/bin:.:/Users/neil/Desktop/测试/tools/:/usr/local/Homebrew/bin:/Users/neil/.nvm/versions/node/v16.0.0/bin:/Users/neil/.local/bin:/Users/neil/Library/Android/sdk/tools:/Users/neil/Library/Android/sdk/platform-tools:/Library/Frameworks/Python.framework/Versions/3.9/bin:/Library/Java/JavaVirtualMachines/jdk1.8.0_211.jdk/Contents/Home/bin:.:/Users/neil/Desktop/测试/tools/:/usr/local/Homebrew/bin:/Users/neil/.local/bin:/Users/neil/Library/Android/sdk/tools:/Users/neil/Library/Android/sdk/platform-tools:/Library/Frameworks/Python.framework/Versions/3.9/bin:/Library/Java/JavaVirtualMachines/jdk1.8.0_211.jdk/Contents/Home/bin:.:/Users/neil/Desktop/测试/tools/:/usr/local/Homebrew/bin:/Users/neil/.local/bin:/Users/neil/.nvm/versions/node/v16.0.0/bin

Yarn version: 
  1.22.19

Node version: 
  16.6.1

Platform: 
  darwin x64

Trace: 
  Error: canceled
      at Interface.<anonymous> (/Users/neil/.nvm/versions/node/v16.6.1/lib/node_modules/yarn/lib/cli.js:137150:13)
      at Interface.emit (node:events:394:28)
      at Interface._ttyWrite (node:readline:1081:16)
      at ReadStream.onkeypress (node:readline:288:10)
      at ReadStream.emit (node:events:394:28)
      at emitKeys (node:internal/readline/utils:358:14)
      at emitKeys.next (<anonymous>)
      at ReadStream.onData (node:internal/readline/emitKeypressEvents:61:36)
      at ReadStream.emit (node:events:394:28)
      at addChunk (node:internal/streams/readable:312:12)

npm manifest: 
  No manifest

yarn manifest: 
  No manifest

Lockfile: 
  No lockfile
